  jcapimin.c
  jccoefct.c
  jccolor.c
  jcdctmgr.c
  jchuff.c
  jcinit.c
  jcmainct.c
  jcmarker.c
  jcmaster.c
  jcomapi.c
  jcparam.c
  jcphuff.c
  jcprepct.c
  jcsample.c
  jctrans.c
  jdapimin.c
  jdapistd.c
  jdatadst.c
  jdatasrc.c
  jdcoefct.c
  正在生成代码...
  正在编译...
  jdcolor.c
  jddctmgr.c
  jdhuff.c
  jdinput.c
  jdmainct.c
  jdmarker.c
  jdmaster.c
  jdpostct.c
  jdsample.c
  jdtrans.c
  jerror.c
e:\shaodd\thirdbinary\quakeiii_sourcecode\quake3-1.32b\code\jpeg-6\jerror.c(173): warning C4996: 'sprintf': This function or variable may be unsafe. Consider using sprintf_s instead. To disable deprecation, use _CRT_SECURE_NO_WARNINGS. See online help for details.
  c:\program files (x86)\windows kits\10\include\10.0.10240.0\ucrt\stdio.h(1769): note: 参见“sprintf”的声明
e:\shaodd\thirdbinary\quakeiii_sourcecode\quake3-1.32b\code\jpeg-6\jerror.c(175): warning C4996: 'sprintf': This function or variable may be unsafe. Consider using sprintf_s instead. To disable deprecation, use _CRT_SECURE_NO_WARNINGS. See online help for details.
  c:\program files (x86)\windows kits\10\include\10.0.10240.0\ucrt\stdio.h(1769): note: 参见“sprintf”的声明
  jfdctflt.c
  jidctflt.c
  jmemmgr.c
e:\shaodd\thirdbinary\quakeiii_sourcecode\quake3-1.32b\code\jpeg-6\jmemmgr.c(1103): warning C4996: 'getenv': This function or variable may be unsafe. Consider using _dupenv_s instead. To disable deprecation, use _CRT_SECURE_NO_WARNINGS. See online help for details.
  c:\program files (x86)\windows kits\10\include\10.0.10240.0\ucrt\stdlib.h(1183): note: 参见“getenv”的声明
e:\shaodd\thirdbinary\quakeiii_sourcecode\quake3-1.32b\code\jpeg-6\jmemmgr.c(1106): warning C4996: 'sscanf': This function or variable may be unsafe. Consider using sscanf_s instead. To disable deprecation, use _CRT_SECURE_NO_WARNINGS. See online help for details.
  c:\program files (x86)\windows kits\10\include\10.0.10240.0\ucrt\stdio.h(2254): note: 参见“sscanf”的声明
  jmemnobs.c
  jutils.c
  win_gamma.c
e:\shaodd\thirdbinary\quakeiii_sourcecode\quake3-1.32b\code\win32\win_gamma.c(153): warning C4996: 'GetVersionExA': 被声明为已否决
  c:\program files (x86)\windows kits\8.1\include\um\sysinfoapi.h(433): note: 参见“GetVersionExA”的声明
  win_glimp.c
e:\shaodd\thirdbinary\quakeiii_sourcecode\quake3-1.32b\code\win32\win_glimp.c(1131): warning C4996: 'GetVersionExA': 被声明为已否决
  c:\program files (x86)\windows kits\8.1\include\um\sysinfoapi.h(433): note: 参见“GetVersionExA”的声明
e:\shaodd\thirdbinary\quakeiii_sourcecode\quake3-1.32b\code\win32\win_glimp.c(1368): warning C4996: 'sscanf': This function or variable may be unsafe. Consider using sscanf_s instead. To disable deprecation, use _CRT_SECURE_NO_WARNINGS. See online help for details.
  c:\program files (x86)\windows kits\10\include\10.0.10240.0\ucrt\stdio.h(2254): note: 参见“sscanf”的声明
e:\shaodd\thirdbinary\quakeiii_sourcecode\quake3-1.32b\code\win32\win_glimp.c(1371): warning C4996: 'sscanf': This function or variable may be unsafe. Consider using sscanf_s instead. To disable deprecation, use _CRT_SECURE_NO_WARNINGS. See online help for details.
  c:\program files (x86)\windows kits\10\include\10.0.10240.0\ucrt\stdio.h(2254): note: 参见“sscanf”的声明
  win_qgl.c
e:\shaodd\thirdbinary\quakeiii_sourcecode\quake3-1.32b\code\win32\win_qgl.c(787): warning C4996: 'strcpy': This function or variable may be unsafe. Consider using strcpy_s instead. To disable deprecation, use _CRT_SECURE_NO_WARNINGS. See online help for details.
  c:\program files (x86)\windows kits\10\include\10.0.10240.0\ucrt\string.h(119): note: 参见“strcpy”的声明
e:\shaodd\thirdbinary\quakeiii_sourcecode\quake3-1.32b\code\win32\win_qgl.c(789): warning C4996: 'strcpy': This function or variable may be unsafe. Consider using strcpy_s instead. To disable deprecation, use _CRT_SECURE_NO_WARNINGS. See online help for details.
  c:\program files (x86)\windows kits\10\include\10.0.10240.0\ucrt\string.h(119): note: 参见“strcpy”的声明
e:\shaodd\thirdbinary\quakeiii_sourcecode\quake3-1.32b\code\win32\win_qgl.c(791): warning C4996: 'strcpy': This function or variable may be unsafe. Consider using strcpy_s instead. To disable deprecation, use _CRT_SECURE_NO_WARNINGS. See online help for details.
  c:\program files (x86)\windows kits\10\include\10.0.10240.0\ucrt\string.h(119): note: 参见“strcpy”的声明
e:\shaodd\thirdbinary\quakeiii_sourcecode\quake3-1.32b\code\win32\win_qgl.c(793): warning C4996: 'strcpy': This function or variable may be unsafe. Consider using strcpy_s instead. To disable deprecation, use _CRT_SECURE_NO_WARNINGS. See online help for details.
  c:\program files (x86)\windows kits\10\include\10.0.10240.0\ucrt\string.h(119): note: 参见“strcpy”的声明
e:\shaodd\thirdbinary\quakeiii_sourcecode\quake3-1.32b\code\win32\win_qgl.c(795): warning C4996: 'strcpy': This function or variable may be unsafe. Consider using strcpy_s instead. To disable deprecation, use _CRT_SECURE_NO_WARNINGS. See online help for details.
  c:\program files (x86)\windows kits\10\include\10.0.10240.0\ucrt\string.h(119): note: 参见“strcpy”的声明
e:\shaodd\thirdbinary\quakeiii_sourcecode\quake3-1.32b\code\win32\win_qgl.c(797): warning C4996: 'strcpy': This function or variable may be unsafe. Consider using strcpy_s instead. To disable deprecation, use _CRT_SECURE_NO_WARNINGS. See online help for details.
  c:\program files (x86)\windows kits\10\include\10.0.10240.0\ucrt\string.h(119): note: 参见“strcpy”的声明
e:\shaodd\thirdbinary\quakeiii_sourcecode\quake3-1.32b\code\win32\win_qgl.c(799): warning C4996: 'strcpy': This function or variable may be unsafe. Consider using strcpy_s instead. To disable deprecation, use _CRT_SECURE_NO_WARNINGS. See online help for details.
  c:\program files (x86)\windows kits\10\include\10.0.10240.0\ucrt\string.h(119): note: 参见“strcpy”的声明
e:\shaodd\thirdbinary\quakeiii_sourcecode\quake3-1.32b\code\win32\win_qgl.c(801): warning C4996: 'strcpy': This function or variable may be unsafe. Consider using strcpy_s instead. To disable deprecation, use _CRT_SECURE_NO_WARNINGS. See online help for details.
  c:\program files (x86)\windows kits\10\include\10.0.10240.0\ucrt\string.h(119): note: 参见“strcpy”的声明
e:\shaodd\thirdbinary\quakeiii_sourcecode\quake3-1.32b\code\win32\win_qgl.c(803): warning C4996: 'strcpy': This function or variable may be unsafe. Consider using strcpy_s instead. To disable deprecation, use _CRT_SECURE_NO_WARNINGS. See online help for details.
  c:\program files (x86)\windows kits\10\include\10.0.10240.0\ucrt\string.h(119): note: 参见“strcpy”的声明
e:\shaodd\thirdbinary\quakeiii_sourcecode\quake3-1.32b\code\win32\win_qgl.c(805): warning C4996: 'strcpy': This function or variable may be unsafe. Consider using strcpy_s instead. To disable deprecation, use _CRT_SECURE_NO_WARNINGS. See online help for details.
  c:\program files (x86)\windows kits\10\include\10.0.10240.0\ucrt\string.h(119): note: 参见“strcpy”的声明
e:\shaodd\thirdbinary\quakeiii_sourcecode\quake3-1.32b\code\win32\win_qgl.c(807): warning C4996: 'sprintf': This function or variable may be unsafe. Consider using sprintf_s instead. To disable deprecation, use _CRT_SECURE_NO_WARNINGS. See online help for details.
  c:\program files (x86)\windows kits\10\include\10.0.10240.0\ucrt\stdio.h(1769): note: 参见“sprintf”的声明
e:\shaodd\thirdbinary\quakeiii_sourcecode\quake3-1.32b\code\win32\win_qgl.c(839): warning C4996: 'sprintf': This function or variable may be unsafe. Consider using sprintf_s instead. To disable deprecation, use _CRT_SECURE_NO_WARNINGS. See online help for details.
  c:\program files (x86)\windows kits\10\include\10.0.10240.0\ucrt\stdio.h(1769): note: 参见“sprintf”的声明
e:\shaodd\thirdbinary\quakeiii_sourcecode\quake3-1.32b\code\win32\win_qgl.c(917): warning C4996: 'strcpy': This function or variable may be unsafe. Consider using strcpy_s instead. To disable deprecation, use _CRT_SECURE_NO_WARNINGS. See online help for details.
  c:\program files (x86)\windows kits\10\include\10.0.10240.0\ucrt\string.h(119): note: 参见“strcpy”的声明
e:\shaodd\thirdbinary\quakeiii_sourcecode\quake3-1.32b\code\win32\win_qgl.c(920): warning C4996: 'strcpy': This function or variable may be unsafe. Consider using strcpy_s instead. To disable deprecation, use _CRT_SECURE_NO_WARNINGS. See online help for details.
  c:\program files (x86)\windows kits\10\include\10.0.10240.0\ucrt\string.h(119): note: 参见“strcpy”的声明
e:\shaodd\thirdbinary\quakeiii_sourcecode\quake3-1.32b\code\win32\win_qgl.c(923): warning C4996: 'strcpy': This function or variable may be unsafe. Consider using strcpy_s instead. To disable deprecation, use _CRT_SECURE_NO_WARNINGS. See online help for details.
  c:\program files (x86)\windows kits\10\include\10.0.10240.0\ucrt\string.h(119): note: 参见“strcpy”的声明
e:\shaodd\thirdbinary\quakeiii_sourcecode\quake3-1.32b\code\win32\win_qgl.c(926): warning C4996: 'strcpy': This function or variable may be unsafe. Consider using strcpy_s instead. To disable deprecation, use _CRT_SECURE_NO_WARNINGS. See online help for details.
  c:\program files (x86)\windows kits\10\include\10.0.10240.0\ucrt\string.h(119): note: 参见“strcpy”的声明
e:\shaodd\thirdbinary\quakeiii_sourcecode\quake3-1.32b\code\win32\win_qgl.c(929): warning C4996: 'strcpy': This function or variable may be unsafe. Consider using strcpy_s instead. To disable deprecation, use _CRT_SECURE_NO_WARNINGS. See online help for details.
  c:\program files (x86)\windows kits\10\include\10.0.10240.0\ucrt\string.h(119): note: 参见“strcpy”的声明
e:\shaodd\thirdbinary\quakeiii_sourcecode\quake3-1.32b\code\win32\win_qgl.c(932): warning C4996: 'strcpy': This function or variable may be unsafe. Consider using strcpy_s instead. To disable deprecation, use _CRT_SECURE_NO_WARNINGS. See online help for details.
  c:\program files (x86)\windows kits\10\include\10.0.10240.0\ucrt\string.h(119): note: 参见“strcpy”的声明
e:\shaodd\thirdbinary\quakeiii_sourcecode\quake3-1.32b\code\win32\win_qgl.c(935): warning C4996: 'strcpy': This function or variable may be unsafe. Consider using strcpy_s instead. To disable deprecation, use _CRT_SECURE_NO_WARNINGS. See online help for details.
  c:\program files (x86)\windows kits\10\include\10.0.10240.0\ucrt\string.h(119): note: 参见“strcpy”的声明
e:\shaodd\thirdbinary\quakeiii_sourcecode\quake3-1.32b\code\win32\win_qgl.c(938): warning C4996: 'sprintf': This function or variable may be unsafe. Consider using sprintf_s instead. To disable deprecation, use _CRT_SECURE_NO_WARNINGS. See online help for details.
  c:\program files (x86)\windows kits\10\include\10.0.10240.0\ucrt\stdio.h(1769): note: 参见“sprintf”的声明
e:\shaodd\thirdbinary\quakeiii_sourcecode\quake3-1.32b\code\win32\win_qgl.c(3677): warning C4996: 'localtime': This function or variable may be unsafe. Consider using localtime_s instead. To disable deprecation, use _CRT_SECURE_NO_WARNINGS. See online help for details.
  c:\program files (x86)\windows kits\10\include\10.0.10240.0\ucrt\time.h(505): note: 参见“localtime”的声明
e:\shaodd\thirdbinary\quakeiii_sourcecode\quake3-1.32b\code\win32\win_qgl.c(3679): warning C4996: 'asctime': This function or variable may be unsafe. Consider using asctime_s instead. To disable deprecation, use _CRT_SECURE_NO_WARNINGS. See online help for details.
  c:\program files (x86)\windows kits\10\include\10.0.10240.0\ucrt\time.h(116): note: 参见“asctime”的声明
e:\shaodd\thirdbinary\quakeiii_sourcecode\quake3-1.32b\code\win32\win_qgl.c(3683): warning C4996: 'fopen': This function or variable may be unsafe. Consider using fopen_s instead. To disable deprecation, use _CRT_SECURE_NO_WARNINGS. See online help for details.
  c:\program files (x86)\windows kits\10\include\10.0.10240.0\ucrt\stdio.h(205): note: 参见“fopen”的声明
e:\shaodd\thirdbinary\quakeiii_sourcecode\quake3-1.32b\code\win32\win_qgl.c(3685): warning C4996: 'asctime': This function or variable may be unsafe. Consider using asctime_s instead. To disable deprecation, use _CRT_SECURE_NO_WARNINGS. See online help for details.
  c:\program files (x86)\windows kits\10\include\10.0.10240.0\ucrt\time.h(116): note: 参见“asctime”的声明
  tr_animation.c
  正在生成代码...
  正在编译...
  tr_backend.c
  tr_bsp.c
e:\shaodd\thirdbinary\quakeiii_sourcecode\quake3-1.32b\code\renderer\tr_bsp.c(1704): warning C4996: 'strcpy': This function or variable may be unsafe. Consider using strcpy_s instead. To disable deprecation, use _CRT_SECURE_NO_WARNINGS. See online help for details.
  c:\program files (x86)\windows kits\10\include\10.0.10240.0\ucrt\string.h(119): note: 参见“strcpy”的声明
e:\shaodd\thirdbinary\quakeiii_sourcecode\quake3-1.32b\code\renderer\tr_bsp.c(1758): warning C4996: 'sscanf': This function or variable may be unsafe. Consider using sscanf_s instead. To disable deprecation, use _CRT_SECURE_NO_WARNINGS. See online help for details.
  c:\program files (x86)\windows kits\10\include\10.0.10240.0\ucrt\stdio.h(2254): note: 参见“sscanf”的声明
  tr_cmds.c
  tr_curve.c
  tr_flares.c
  tr_font.c
  tr_image.c
e:\shaodd\thirdbinary\quakeiii_sourcecode\quake3-1.32b\code\renderer\tr_image.c(751): warning C4996: 'strcpy': This function or variable may be unsafe. Consider using strcpy_s instead. To disable deprecation, use _CRT_SECURE_NO_WARNINGS. See online help for details.
  c:\program files (x86)\windows kits\10\include\10.0.10240.0\ucrt\string.h(119): note: 参见“strcpy”的声明
e:\shaodd\thirdbinary\quakeiii_sourcecode\quake3-1.32b\code\renderer\tr_image.c(1831): warning C4996: 'strcpy': This function or variable may be unsafe. Consider using strcpy_s instead. To disable deprecation, use _CRT_SECURE_NO_WARNINGS. See online help for details.
  c:\program files (x86)\windows kits\10\include\10.0.10240.0\ucrt\string.h(119): note: 参见“strcpy”的声明
e:\shaodd\thirdbinary\quakeiii_sourcecode\quake3-1.32b\code\renderer\tr_image.c(1896): warning C4996: 'strcpy': This function or variable may be unsafe. Consider using strcpy_s instead. To disable deprecation, use _CRT_SECURE_NO_WARNINGS. See online help for details.
  c:\program files (x86)\windows kits\10\include\10.0.10240.0\ucrt\string.h(119): note: 参见“strcpy”的声明
  tr_init.c
e:\shaodd\thirdbinary\quakeiii_sourcecode\quake3-1.32b\code\renderer\tr_init.c(212): warning C4996: 'strcpy': This function or variable may be unsafe. Consider using strcpy_s instead. To disable deprecation, use _CRT_SECURE_NO_WARNINGS. See online help for details.
  c:\program files (x86)\windows kits\10\include\10.0.10240.0\ucrt\string.h(119): note: 参见“strcpy”的声明
e:\shaodd\thirdbinary\quakeiii_sourcecode\quake3-1.32b\code\renderer\tr_init.c(254): warning C4996: 'strcpy': This function or variable may be unsafe. Consider using strcpy_s instead. To disable deprecation, use _CRT_SECURE_NO_WARNINGS. See online help for details.
  c:\program files (x86)\windows kits\10\include\10.0.10240.0\ucrt\string.h(119): note: 参见“strcpy”的声明
e:\shaodd\thirdbinary\quakeiii_sourcecode\quake3-1.32b\code\renderer\tr_init.c(257): warning C4996: 'strcpy': This function or variable may be unsafe. Consider using strcpy_s instead. To disable deprecation, use _CRT_SECURE_NO_WARNINGS. See online help for details.
  c:\program files (x86)\windows kits\10\include\10.0.10240.0\ucrt\string.h(119): note: 参见“strcpy”的声明
e:\shaodd\thirdbinary\quakeiii_sourcecode\quake3-1.32b\code\renderer\tr_init.c(260): warning C4996: 'strcpy': This function or variable may be unsafe. Consider using strcpy_s instead. To disable deprecation, use _CRT_SECURE_NO_WARNINGS. See online help for details.
  c:\program files (x86)\windows kits\10\include\10.0.10240.0\ucrt\string.h(119): note: 参见“strcpy”的声明
e:\shaodd\thirdbinary\quakeiii_sourcecode\quake3-1.32b\code\renderer\tr_init.c(263): warning C4996: 'strcpy': This function or variable may be unsafe. Consider using strcpy_s instead. To disable deprecation, use _CRT_SECURE_NO_WARNINGS. See online help for details.
  c:\program files (x86)\windows kits\10\include\10.0.10240.0\ucrt\string.h(119): note: 参见“strcpy”的声明
e:\shaodd\thirdbinary\quakeiii_sourcecode\quake3-1.32b\code\renderer\tr_init.c(266): warning C4996: 'strcpy': This function or variable may be unsafe. Consider using strcpy_s instead. To disable deprecation, use _CRT_SECURE_NO_WARNINGS. See online help for details.
  c:\program files (x86)\windows kits\10\include\10.0.10240.0\ucrt\string.h(119): note: 参见“strcpy”的声明
e:\shaodd\thirdbinary\quakeiii_sourcecode\quake3-1.32b\code\renderer\tr_init.c(269): warning C4996: 'strcpy': This function or variable may be unsafe. Consider using strcpy_s instead. To disable deprecation, use _CRT_SECURE_NO_WARNINGS. See online help for details.
  c:\program files (x86)\windows kits\10\include\10.0.10240.0\ucrt\string.h(119): note: 参见“strcpy”的声明
e:\shaodd\thirdbinary\quakeiii_sourcecode\quake3-1.32b\code\renderer\tr_init.c(540): warning C4996: 'sprintf': This function or variable may be unsafe. Consider using sprintf_s instead. To disable deprecation, use _CRT_SECURE_NO_WARNINGS. See online help for details.
  c:\program files (x86)\windows kits\10\include\10.0.10240.0\ucrt\stdio.h(1769): note: 参见“sprintf”的声明
  tr_light.c
  tr_main.c
  tr_marks.c
  tr_mesh.c
  tr_model.c
e:\shaodd\thirdbinary\quakeiii_sourcecode\quake3-1.32b\code\renderer\tr_model.c(137): warning C4996: 'strcpy': This function or variable may be unsafe. Consider using strcpy_s instead. To disable deprecation, use _CRT_SECURE_NO_WARNINGS. See online help for details.
  c:\program files (x86)\windows kits\10\include\10.0.10240.0\ucrt\string.h(119): note: 参见“strcpy”的声明
e:\shaodd\thirdbinary\quakeiii_sourcecode\quake3-1.32b\code\renderer\tr_model.c(145): warning C4996: 'sprintf': This function or variable may be unsafe. Consider using sprintf_s instead. To disable deprecation, use _CRT_SECURE_NO_WARNINGS. See online help for details.
  c:\program files (x86)\windows kits\10\include\10.0.10240.0\ucrt\stdio.h(1769): note: 参见“sprintf”的声明
e:\shaodd\thirdbinary\quakeiii_sourcecode\quake3-1.32b\code\renderer\tr_model.c(146): warning C4996: 'strcat': This function or variable may be unsafe. Consider using strcat_s instead. To disable deprecation, use _CRT_SECURE_NO_WARNINGS. See online help for details.
  c:\program files (x86)\windows kits\10\include\10.0.10240.0\ucrt\string.h(86): note: 参见“strcat”的声明
  tr_noise.c
  tr_scene.c
  tr_shade.c
  tr_shader.c
e:\shaodd\thirdbinary\quakeiii_sourcecode\quake3-1.32b\code\renderer\tr_shader.c(984): warning C4996: 'strcat': This function or variable may be unsafe. Consider using strcat_s instead. To disable deprecation, use _CRT_SECURE_NO_WARNINGS. See online help for details.
  c:\program files (x86)\windows kits\10\include\10.0.10240.0\ucrt\string.h(86): note: 参见“strcat”的声明
e:\shaodd\thirdbinary\quakeiii_sourcecode\quake3-1.32b\code\renderer\tr_shader.c(985): warning C4996: 'strcat': This function or variable may be unsafe. Consider using strcat_s instead. To disable deprecation, use _CRT_SECURE_NO_WARNINGS. See online help for details.
  c:\program files (x86)\windows kits\10\include\10.0.10240.0\ucrt\string.h(86): note: 参见“strcat”的声明
e:\shaodd\thirdbinary\quakeiii_sourcecode\quake3-1.32b\code\renderer\tr_shader.c(2887): warning C4996: 'strcat': This function or variable may be unsafe. Consider using strcat_s instead. To disable deprecation, use _CRT_SECURE_NO_WARNINGS. See online help for details.
  c:\program files (x86)\windows kits\10\include\10.0.10240.0\ucrt\string.h(86): note: 参见“strcat”的声明
e:\shaodd\thirdbinary\quakeiii_sourcecode\quake3-1.32b\code\renderer\tr_shader.c(2889): warning C4996: 'strcat': This function or variable may be unsafe. Consider using strcat_s instead. To disable deprecation, use _CRT_SECURE_NO_WARNINGS. See online help for details.
  c:\program files (x86)\windows kits\10\include\10.0.10240.0\ucrt\string.h(86): note: 参见“strcat”的声明
  tr_shade_calc.c
  tr_shadows.c
  tr_sky.c
  正在生成代码...
  正在编译...
  tr_surface.c
  tr_world.c
  正在生成代码...
  renderer.vcxproj -> E:\shaodd\thirdbinary\quakeIII_sourceCode\quake3-1.32b\code\renderer\.\Debug_TA\renderer.lib
